# project  configured on Fri Jan  5 23:12:10 2018 by
# waf 1.7.11 (abi 98, python 2070ef0 on linux2)
# using /home/dawn/.pebble-sdk/SDKs/current/sdk-core/pebble/waf configure
#
----------------------------------------
Setting top to
/home/dawn/pebble-dev/pms
----------------------------------------
Setting out to
/home/dawn/pebble-dev/pms/build
----------------------------------------
Checking for program webpack
/home/dawn/.pebble-sdk/SDKs/current/node_modules/.bin/webpack
find program=['webpack'] paths=['/home/dawn/.pebble-sdk/SDKs/current/node_modules/.bin'] var='WEBPACK' -> '/home/dawn/.pebble-sdk/SDKs/current/node_modules/.bin/webpack'
----------------------------------------
Found Pebble SDK for diorite in:
/home/dawn/.pebble-sdk/SDKs/current/sdk-core/pebble/diorite
----------------------------------------
Checking for program gcc,cc
arm-none-eabi-gcc
find program=['gcc', 'cc'] paths='' var='CC' -> 'arm-none-eabi-gcc'
from /home/dawn/pebble-dev/pms: Could not determine the compiler version ['arm-none-eabi-gcc', '-dM', '-E', '-']
